The system is: Linux - 3.10.0-1160.66.1.el7.x86_64 - x86_64
Compiling the C compiler identification source file "CMakeCCompilerId.c" succeeded.
Compiler: /cvmfs/sft.cern.ch/lcg/releases/clang/12.0.0-8916b/x86_64-centos7/bin/clang 
Build flags: 
Id flags:  

The output was:
0


Compilation of the C compiler identification source "CMakeCCompilerId.c" produced "a.out"

The C compiler identification is Clang, found in "/user/stu572/Downloads/sim_cosmic_shower/build/CMakeFiles/3.23.2/CompilerIdC/a.out"

Compiling the CXX compiler identification source file "CMakeCXXCompilerId.cpp" succeeded.
Compiler: /cvmfs/sft.cern.ch/lcg/releases/clang/12.0.0-8916b/x86_64-centos7/bin/clang++ 
Build flags: 
Id flags:  

The output was:
0


Compilation of the CXX compiler identification source "CMakeCXXCompilerId.cpp" produced "a.out"

The CXX compiler identification is Clang, found in "/user/stu572/Downloads/sim_cosmic_shower/build/CMakeFiles/3.23.2/CompilerIdCXX/a.out"

Detecting C compiler ABI info compiled with the following output:
Change Dir: /user/stu572/Downloads/sim_cosmic_shower/build/CMakeFiles/CMakeTmp

Run Build Command(s):/bin/gmake -f Makefile cmTC_4e488/fast && /bin/gmake  -f CMakeFiles/cmTC_4e488.dir/build.make CMakeFiles/cmTC_4e488.dir/build
gmake[1]: Entering directory `/user/stu572/Downloads/sim_cosmic_shower/build/CMakeFiles/CMakeTmp'
Building C object CMakeFiles/cmTC_4e488.dir/CMakeCCompilerABI.c.o
/cvmfs/sft.cern.ch/lcg/releases/clang/12.0.0-8916b/x86_64-centos7/bin/clang   -v -MD -MT CMakeFiles/cmTC_4e488.dir/CMakeCCompilerABI.c.o -MF CMakeFiles/cmTC_4e488.dir/CMakeCCompilerABI.c.o.d -o CMakeFiles/cmTC_4e488.dir/CMakeCCompilerABI.c.o -c /cvmfs/sft.cern.ch/lcg/releases/CMake/3.23.2-99161/x86_64-centos7-clang12-opt/share/cmake-3.23/Modules/CMakeCCompilerABI.c
clang version 12.0.0
Target: x86_64-unknown-linux-gnu
Thread model: posix
InstalledDir: /cvmfs/sft.cern.ch/lcg/releases/clang/12.0.0-8916b/x86_64-centos7/bin
Found candidate GCC installation: /cvmfs/sft.cern.ch/lcg/releases/gcc/10.3.0-f5826/x86_64-centos7/lib/gcc/x86_64-pc-linux-gnu/10.3.0
Selected GCC installation: /cvmfs/sft.cern.ch/lcg/releases/gcc/10.3.0-f5826/x86_64-centos7/lib/gcc/x86_64-pc-linux-gnu/10.3.0
Candidate multilib: .;@m64
Selected multilib: .;@m64
 (in-process)
 "/cvmfs/sft.cern.ch/lcg/releases/clang/12.0.0-8916b/x86_64-centos7/bin/clang-12" -cc1 -triple x86_64-unknown-linux-gnu -emit-obj -mrelax-all --mrelax-relocations -disable-free -main-file-name CMakeCCompilerABI.c -mrelocation-model static -mframe-pointer=all -fmath-errno -fno-rounding-math -mconstructor-aliases -munwind-tables -target-cpu x86-64 -tune-cpu generic -fno-split-dwarf-inlining -debugger-tuning=gdb -v -resource-dir /cvmfs/sft.cern.ch/lcg/releases/clang/12.0.0-8916b/x86_64-centos7/lib/clang/12.0.0 -dependency-file CMakeFiles/cmTC_4e488.dir/CMakeCCompilerABI.c.o.d -MT CMakeFiles/cmTC_4e488.dir/CMakeCCompilerABI.c.o -sys-header-deps -c-isystem /cvmfs/sft.cern.ch/lcg/views/LCG_103/x86_64-centos7-clang12-opt/include -c-isystem /cvmfs/sft.cern.ch/lcg/views/LCG_103/x86_64-centos7-clang12-opt/include -c-isystem /cvmfs/sft.cern.ch/lcg/views/LCG_103/x86_64-centos7-clang12-opt/include -cxx-isystem /cvmfs/sft.cern.ch/lcg/views/LCG_103/x86_64-centos7-clang12-opt/include -cxx-isystem /cvmfs/sft.cern.ch/lcg/views/LCG_103/x86_64-centos7-clang12-opt/include -cxx-isystem /cvmfs/sft.cern.ch/lcg/views/LCG_103/x86_64-centos7-clang12-opt/include -internal-isystem /usr/local/include -internal-isystem /cvmfs/sft.cern.ch/lcg/releases/clang/12.0.0-8916b/x86_64-centos7/lib/clang/12.0.0/include -internal-externc-isystem /include -internal-externc-isystem /usr/include -fdebug-compilation-dir /user/stu572/Downloads/sim_cosmic_shower/build/CMakeFiles/CMakeTmp -ferror-limit 19 -fgnuc-version=4.2.1 -faddrsig -o CMakeFiles/cmTC_4e488.dir/CMakeCCompilerABI.c.o -x c /cvmfs/sft.cern.ch/lcg/releases/CMake/3.23.2-99161/x86_64-centos7-clang12-opt/share/cmake-3.23/Modules/CMakeCCompilerABI.c
clang -cc1 version 12.0.0 based upon LLVM 12.0.0 default target x86_64-unknown-linux-gnu
ignoring nonexistent directory "/include"
ignoring duplicate directory "/cvmfs/sft.cern.ch/lcg/views/LCG_103/x86_64-centos7-clang12-opt/include"
ignoring duplicate directory "/cvmfs/sft.cern.ch/lcg/views/LCG_103/x86_64-centos7-clang12-opt/include"
#include "..." search starts here:
#include <...> search starts here:
 /cvmfs/sft.cern.ch/lcg/views/LCG_103/x86_64-centos7-clang12-opt/include
 /usr/local/include
 /cvmfs/sft.cern.ch/lcg/releases/clang/12.0.0-8916b/x86_64-centos7/lib/clang/12.0.0/include
 /usr/include
End of search list.
Linking C executable cmTC_4e488
/cvmfs/sft.cern.ch/lcg/releases/CMake/3.23.2-99161/x86_64-centos7-clang12-opt/bin/cmake -E cmake_link_script CMakeFiles/cmTC_4e488.dir/link.txt --verbose=1
/cvmfs/sft.cern.ch/lcg/releases/clang/12.0.0-8916b/x86_64-centos7/bin/clang  -v -rdynamic CMakeFiles/cmTC_4e488.dir/CMakeCCompilerABI.c.o -o cmTC_4e488 
clang version 12.0.0
Target: x86_64-unknown-linux-gnu
Thread model: posix
InstalledDir: /cvmfs/sft.cern.ch/lcg/releases/clang/12.0.0-8916b/x86_64-centos7/bin
Found candidate GCC installation: /cvmfs/sft.cern.ch/lcg/releases/gcc/10.3.0-f5826/x86_64-centos7/lib/gcc/x86_64-pc-linux-gnu/10.3.0
Selected GCC installation: /cvmfs/sft.cern.ch/lcg/releases/gcc/10.3.0-f5826/x86_64-centos7/lib/gcc/x86_64-pc-linux-gnu/10.3.0
Candidate multilib: .;@m64
Selected multilib: .;@m64
 "/cvmfs/sft.cern.ch/lcg/releases/binutils/2.36.1-a9696/x86_64-centos7/bin/ld" -export-dynamic --hash-style=gnu --eh-frame-hdr -m elf_x86_64 -export-dynamic -dynamic-linker /lib64/ld-linux-x86-64.so.2 -o cmTC_4e488 /lib/../lib64/crt1.o /lib/../lib64/crti.o /cvmfs/sft.cern.ch/lcg/releases/gcc/10.3.0-f5826/x86_64-centos7/lib/gcc/x86_64-pc-linux-gnu/10.3.0/crtbegin.o -L/cvmfs/sft.cern.ch/lcg/releases/gcc/10.3.0-f5826/x86_64-centos7/lib/gcc/x86_64-pc-linux-gnu/10.3.0 -L/cvmfs/sft.cern.ch/lcg/releases/gcc/10.3.0-f5826/x86_64-centos7/lib/gcc/x86_64-pc-linux-gnu/10.3.0/../../../../lib64 -L/lib/../lib64 -L/usr/lib/../lib64 -L/cvmfs/sft.cern.ch/lcg/releases/gcc/10.3.0-f5826/x86_64-centos7/lib/gcc/x86_64-pc-linux-gnu/10.3.0/../../.. -L/cvmfs/sft.cern.ch/lcg/releases/clang/12.0.0-8916b/x86_64-centos7/bin/../lib -L/lib -L/usr/lib CMakeFiles/cmTC_4e488.dir/CMakeCCompilerABI.c.o -lgcc --as-needed -lgcc_s --no-as-needed -lc -lgcc --as-needed -lgcc_s --no-as-needed /cvmfs/sft.cern.ch/lcg/releases/gcc/10.3.0-f5826/x86_64-centos7/lib/gcc/x86_64-pc-linux-gnu/10.3.0/crtend.o /lib/../lib64/crtn.o
gmake[1]: Leaving directory `/user/stu572/Downloads/sim_cosmic_shower/build/CMakeFiles/CMakeTmp'



Parsed C implicit include dir info from above output: rv=done
  found start of include info
  found start of implicit include info
    add: [/cvmfs/sft.cern.ch/lcg/views/LCG_103/x86_64-centos7-clang12-opt/include]
    add: [/usr/local/include]
    add: [/cvmfs/sft.cern.ch/lcg/releases/clang/12.0.0-8916b/x86_64-centos7/lib/clang/12.0.0/include]
    add: [/usr/include]
  end of search list found
  collapse include dir [/cvmfs/sft.cern.ch/lcg/views/LCG_103/x86_64-centos7-clang12-opt/include] ==> [/cvmfs/sft.cern.ch/lcg/views/LCG_103/x86_64-centos7-clang12-opt/include]
  collapse include dir [/usr/local/include] ==> [/usr/local/include]
  collapse include dir [/cvmfs/sft.cern.ch/lcg/releases/clang/12.0.0-8916b/x86_64-centos7/lib/clang/12.0.0/include] ==> [/cvmfs/sft.cern.ch/lcg/releases/clang/12.0.0-8916b/x86_64-centos7/lib/clang/12.0.0/include]
  collapse include dir [/usr/include] ==> [/usr/include]
  implicit include dirs: [/cvmfs/sft.cern.ch/lcg/views/LCG_103/x86_64-centos7-clang12-opt/include;/usr/local/include;/cvmfs/sft.cern.ch/lcg/releases/clang/12.0.0-8916b/x86_64-centos7/lib/clang/12.0.0/include;/usr/include]


Parsed C implicit link information from above output:
  link line regex: [^( *|.*[/\])(ld\.lld|CMAKE_LINK_STARTFILE-NOTFOUND|([^/\]+-)?ld|collect2)[^/\]*( |$)]
  ignore line: [Change Dir: /user/stu572/Downloads/sim_cosmic_shower/build/CMakeFiles/CMakeTmp]
  ignore line: []
  ignore line: [Run Build Command(s):/bin/gmake -f Makefile cmTC_4e488/fast && /bin/gmake  -f CMakeFiles/cmTC_4e488.dir/build.make CMakeFiles/cmTC_4e488.dir/build]
  ignore line: [gmake[1]: Entering directory `/user/stu572/Downloads/sim_cosmic_shower/build/CMakeFiles/CMakeTmp']
  ignore line: [Building C object CMakeFiles/cmTC_4e488.dir/CMakeCCompilerABI.c.o]
  ignore line: [/cvmfs/sft.cern.ch/lcg/releases/clang/12.0.0-8916b/x86_64-centos7/bin/clang   -v -MD -MT CMakeFiles/cmTC_4e488.dir/CMakeCCompilerABI.c.o -MF CMakeFiles/cmTC_4e488.dir/CMakeCCompilerABI.c.o.d -o CMakeFiles/cmTC_4e488.dir/CMakeCCompilerABI.c.o -c /cvmfs/sft.cern.ch/lcg/releases/CMake/3.23.2-99161/x86_64-centos7-clang12-opt/share/cmake-3.23/Modules/CMakeCCompilerABI.c]
  ignore line: [clang version 12.0.0]
  ignore line: [Target: x86_64-unknown-linux-gnu]
  ignore line: [Thread model: posix]
  ignore line: [InstalledDir: /cvmfs/sft.cern.ch/lcg/releases/clang/12.0.0-8916b/x86_64-centos7/bin]
  ignore line: [Found candidate GCC installation: /cvmfs/sft.cern.ch/lcg/releases/gcc/10.3.0-f5826/x86_64-centos7/lib/gcc/x86_64-pc-linux-gnu/10.3.0]
  ignore line: [Selected GCC installation: /cvmfs/sft.cern.ch/lcg/releases/gcc/10.3.0-f5826/x86_64-centos7/lib/gcc/x86_64-pc-linux-gnu/10.3.0]
  ignore line: [Candidate multilib: .]
  ignore line: [@m64]
  ignore line: [Selected multilib: .]
  ignore line: [@m64]
  ignore line: [ (in-process)]
  ignore line: [ "/cvmfs/sft.cern.ch/lcg/releases/clang/12.0.0-8916b/x86_64-centos7/bin/clang-12" -cc1 -triple x86_64-unknown-linux-gnu -emit-obj -mrelax-all --mrelax-relocations -disable-free -main-file-name CMakeCCompilerABI.c -mrelocation-model static -mframe-pointer=all -fmath-errno -fno-rounding-math -mconstructor-aliases -munwind-tables -target-cpu x86-64 -tune-cpu generic -fno-split-dwarf-inlining -debugger-tuning=gdb -v -resource-dir /cvmfs/sft.cern.ch/lcg/releases/clang/12.0.0-8916b/x86_64-centos7/lib/clang/12.0.0 -dependency-file CMakeFiles/cmTC_4e488.dir/CMakeCCompilerABI.c.o.d -MT CMakeFiles/cmTC_4e488.dir/CMakeCCompilerABI.c.o -sys-header-deps -c-isystem /cvmfs/sft.cern.ch/lcg/views/LCG_103/x86_64-centos7-clang12-opt/include -c-isystem /cvmfs/sft.cern.ch/lcg/views/LCG_103/x86_64-centos7-clang12-opt/include -c-isystem /cvmfs/sft.cern.ch/lcg/views/LCG_103/x86_64-centos7-clang12-opt/include -cxx-isystem /cvmfs/sft.cern.ch/lcg/views/LCG_103/x86_64-centos7-clang12-opt/include -cxx-isystem /cvmfs/sft.cern.ch/lcg/views/LCG_103/x86_64-centos7-clang12-opt/include -cxx-isystem /cvmfs/sft.cern.ch/lcg/views/LCG_103/x86_64-centos7-clang12-opt/include -internal-isystem /usr/local/include -internal-isystem /cvmfs/sft.cern.ch/lcg/releases/clang/12.0.0-8916b/x86_64-centos7/lib/clang/12.0.0/include -internal-externc-isystem /include -internal-externc-isystem /usr/include -fdebug-compilation-dir /user/stu572/Downloads/sim_cosmic_shower/build/CMakeFiles/CMakeTmp -ferror-limit 19 -fgnuc-version=4.2.1 -faddrsig -o CMakeFiles/cmTC_4e488.dir/CMakeCCompilerABI.c.o -x c /cvmfs/sft.cern.ch/lcg/releases/CMake/3.23.2-99161/x86_64-centos7-clang12-opt/share/cmake-3.23/Modules/CMakeCCompilerABI.c]
  ignore line: [clang -cc1 version 12.0.0 based upon LLVM 12.0.0 default target x86_64-unknown-linux-gnu]
  ignore line: [ignoring nonexistent directory "/include"]
  ignore line: [ignoring duplicate directory "/cvmfs/sft.cern.ch/lcg/views/LCG_103/x86_64-centos7-clang12-opt/include"]
  ignore line: [ignoring duplicate directory "/cvmfs/sft.cern.ch/lcg/views/LCG_103/x86_64-centos7-clang12-opt/include"]
  ignore line: [#include "..." search starts here:]
  ignore line: [#include <...> search starts here:]
  ignore line: [ /cvmfs/sft.cern.ch/lcg/views/LCG_103/x86_64-centos7-clang12-opt/include]
  ignore line: [ /usr/local/include]
  ignore line: [ /cvmfs/sft.cern.ch/lcg/releases/clang/12.0.0-8916b/x86_64-centos7/lib/clang/12.0.0/include]
  ignore line: [ /usr/include]
  ignore line: [End of search list.]
  ignore line: [Linking C executable cmTC_4e488]
  ignore line: [/cvmfs/sft.cern.ch/lcg/releases/CMake/3.23.2-99161/x86_64-centos7-clang12-opt/bin/cmake -E cmake_link_script CMakeFiles/cmTC_4e488.dir/link.txt --verbose=1]
  ignore line: [/cvmfs/sft.cern.ch/lcg/releases/clang/12.0.0-8916b/x86_64-centos7/bin/clang  -v -rdynamic CMakeFiles/cmTC_4e488.dir/CMakeCCompilerABI.c.o -o cmTC_4e488 ]
  ignore line: [clang version 12.0.0]
  ignore line: [Target: x86_64-unknown-linux-gnu]
  ignore line: [Thread model: posix]
  ignore line: [InstalledDir: /cvmfs/sft.cern.ch/lcg/releases/clang/12.0.0-8916b/x86_64-centos7/bin]
  ignore line: [Found candidate GCC installation: /cvmfs/sft.cern.ch/lcg/releases/gcc/10.3.0-f5826/x86_64-centos7/lib/gcc/x86_64-pc-linux-gnu/10.3.0]
  ignore line: [Selected GCC installation: /cvmfs/sft.cern.ch/lcg/releases/gcc/10.3.0-f5826/x86_64-centos7/lib/gcc/x86_64-pc-linux-gnu/10.3.0]
  ignore line: [Candidate multilib: .]
  ignore line: [@m64]
  ignore line: [Selected multilib: .]
  ignore line: [@m64]
  link line: [ "/cvmfs/sft.cern.ch/lcg/releases/binutils/2.36.1-a9696/x86_64-centos7/bin/ld" -export-dynamic --hash-style=gnu --eh-frame-hdr -m elf_x86_64 -export-dynamic -dynamic-linker /lib64/ld-linux-x86-64.so.2 -o cmTC_4e488 /lib/../lib64/crt1.o /lib/../lib64/crti.o /cvmfs/sft.cern.ch/lcg/releases/gcc/10.3.0-f5826/x86_64-centos7/lib/gcc/x86_64-pc-linux-gnu/10.3.0/crtbegin.o -L/cvmfs/sft.cern.ch/lcg/releases/gcc/10.3.0-f5826/x86_64-centos7/lib/gcc/x86_64-pc-linux-gnu/10.3.0 -L/cvmfs/sft.cern.ch/lcg/releases/gcc/10.3.0-f5826/x86_64-centos7/lib/gcc/x86_64-pc-linux-gnu/10.3.0/../../../../lib64 -L/lib/../lib64 -L/usr/lib/../lib64 -L/cvmfs/sft.cern.ch/lcg/releases/gcc/10.3.0-f5826/x86_64-centos7/lib/gcc/x86_64-pc-linux-gnu/10.3.0/../../.. -L/cvmfs/sft.cern.ch/lcg/releases/clang/12.0.0-8916b/x86_64-centos7/bin/../lib -L/lib -L/usr/lib CMakeFiles/cmTC_4e488.dir/CMakeCCompilerABI.c.o -lgcc --as-needed -lgcc_s --no-as-needed -lc -lgcc --as-needed -lgcc_s --no-as-needed /cvmfs/sft.cern.ch/lcg/releases/gcc/10.3.0-f5826/x86_64-centos7/lib/gcc/x86_64-pc-linux-gnu/10.3.0/crtend.o /lib/../lib64/crtn.o]
    arg [/cvmfs/sft.cern.ch/lcg/releases/binutils/2.36.1-a9696/x86_64-centos7/bin/ld] ==> ignore
    arg [-export-dynamic] ==> ignore
    arg [--hash-style=gnu] ==> ignore
    arg [--eh-frame-hdr] ==> ignore
    arg [-m] ==> ignore
    arg [elf_x86_64] ==> ignore
    arg [-export-dynamic] ==> ignore
    arg [-dynamic-linker] ==> ignore
    arg [/lib64/ld-linux-x86-64.so.2] ==> ignore
    arg [-o] ==> ignore
    arg [cmTC_4e488] ==> ignore
    arg [/lib/../lib64/crt1.o] ==> obj [/lib/../lib64/crt1.o]
    arg [/lib/../lib64/crti.o] ==> obj [/lib/../lib64/crti.o]
    arg [/cvmfs/sft.cern.ch/lcg/releases/gcc/10.3.0-f5826/x86_64-centos7/lib/gcc/x86_64-pc-linux-gnu/10.3.0/crtbegin.o] ==> obj [/cvmfs/sft.cern.ch/lcg/releases/gcc/10.3.0-f5826/x86_64-centos7/lib/gcc/x86_64-pc-linux-gnu/10.3.0/crtbegin.o]
    arg [-L/cvmfs/sft.cern.ch/lcg/releases/gcc/10.3.0-f5826/x86_64-centos7/lib/gcc/x86_64-pc-linux-gnu/10.3.0] ==> dir [/cvmfs/sft.cern.ch/lcg/releases/gcc/10.3.0-f5826/x86_64-centos7/lib/gcc/x86_64-pc-linux-gnu/10.3.0]
    arg [-L/cvmfs/sft.cern.ch/lcg/releases/gcc/10.3.0-f5826/x86_64-centos7/lib/gcc/x86_64-pc-linux-gnu/10.3.0/../../../../lib64] ==> dir [/cvmfs/sft.cern.ch/lcg/releases/gcc/10.3.0-f5826/x86_64-centos7/lib/gcc/x86_64-pc-linux-gnu/10.3.0/../../../../lib64]
    arg [-L/lib/../lib64] ==> dir [/lib/../lib64]
    arg [-L/usr/lib/../lib64] ==> dir [/usr/lib/../lib64]
    arg [-L/cvmfs/sft.cern.ch/lcg/releases/gcc/10.3.0-f5826/x86_64-centos7/lib/gcc/x86_64-pc-linux-gnu/10.3.0/../../..] ==> dir [/cvmfs/sft.cern.ch/lcg/releases/gcc/10.3.0-f5826/x86_64-centos7/lib/gcc/x86_64-pc-linux-gnu/10.3.0/../../..]
    arg [-L/cvmfs/sft.cern.ch/lcg/releases/clang/12.0.0-8916b/x86_64-centos7/bin/../lib] ==> dir [/cvmfs/sft.cern.ch/lcg/releases/clang/12.0.0-8916b/x86_64-centos7/bin/../lib]
    arg [-L/lib] ==> dir [/lib]
    arg [-L/usr/lib] ==> dir [/usr/lib]
    arg [CMakeFiles/cmTC_4e488.dir/CMakeCCompilerABI.c.o] ==> ignore
    arg [-lgcc] ==> lib [gcc]
    arg [--as-needed] ==> ignore
    arg [-lgcc_s] ==> lib [gcc_s]
    arg [--no-as-needed] ==> ignore
    arg [-lc] ==> lib [c]
    arg [-lgcc] ==> lib [gcc]
    arg [--as-needed] ==> ignore
    arg [-lgcc_s] ==> lib [gcc_s]
    arg [--no-as-needed] ==> ignore
    arg [/cvmfs/sft.cern.ch/lcg/releases/gcc/10.3.0-f5826/x86_64-centos7/lib/gcc/x86_64-pc-linux-gnu/10.3.0/crtend.o] ==> obj [/cvmfs/sft.cern.ch/lcg/releases/gcc/10.3.0-f5826/x86_64-centos7/lib/gcc/x86_64-pc-linux-gnu/10.3.0/crtend.o]
    arg [/lib/../lib64/crtn.o] ==> obj [/lib/../lib64/crtn.o]
  collapse obj [/lib/../lib64/crt1.o] ==> [/lib64/crt1.o]
  collapse obj [/lib/../lib64/crti.o] ==> [/lib64/crti.o]
  collapse obj [/lib/../lib64/crtn.o] ==> [/lib64/crtn.o]
  collapse library dir [/cvmfs/sft.cern.ch/lcg/releases/gcc/10.3.0-f5826/x86_64-centos7/lib/gcc/x86_64-pc-linux-gnu/10.3.0] ==> [/cvmfs/sft.cern.ch/lcg/releases/gcc/10.3.0-f5826/x86_64-centos7/lib/gcc/x86_64-pc-linux-gnu/10.3.0]
  collapse library dir [/cvmfs/sft.cern.ch/lcg/releases/gcc/10.3.0-f5826/x86_64-centos7/lib/gcc/x86_64-pc-linux-gnu/10.3.0/../../../../lib64] ==> [/cvmfs/sft.cern.ch/lcg/releases/gcc/10.3.0-f5826/x86_64-centos7/lib64]
  collapse library dir [/lib/../lib64] ==> [/lib64]
  collapse library dir [/usr/lib/../lib64] ==> [/usr/lib64]
  collapse library dir [/cvmfs/sft.cern.ch/lcg/releases/gcc/10.3.0-f5826/x86_64-centos7/lib/gcc/x86_64-pc-linux-gnu/10.3.0/../../..] ==> [/cvmfs/sft.cern.ch/lcg/releases/gcc/10.3.0-f5826/x86_64-centos7/lib]
  collapse library dir [/cvmfs/sft.cern.ch/lcg/releases/clang/12.0.0-8916b/x86_64-centos7/bin/../lib] ==> [/cvmfs/sft.cern.ch/lcg/releases/clang/12.0.0-8916b/x86_64-centos7/lib]
  collapse library dir [/lib] ==> [/lib]
  collapse library dir [/usr/lib] ==> [/usr/lib]
  implicit libs: [gcc;gcc_s;c;gcc;gcc_s]
  implicit objs: [/lib64/crt1.o;/lib64/crti.o;/cvmfs/sft.cern.ch/lcg/releases/gcc/10.3.0-f5826/x86_64-centos7/lib/gcc/x86_64-pc-linux-gnu/10.3.0/crtbegin.o;/cvmfs/sft.cern.ch/lcg/releases/gcc/10.3.0-f5826/x86_64-centos7/lib/gcc/x86_64-pc-linux-gnu/10.3.0/crtend.o;/lib64/crtn.o]
  implicit dirs: [/cvmfs/sft.cern.ch/lcg/releases/gcc/10.3.0-f5826/x86_64-centos7/lib/gcc/x86_64-pc-linux-gnu/10.3.0;/cvmfs/sft.cern.ch/lcg/releases/gcc/10.3.0-f5826/x86_64-centos7/lib64;/lib64;/usr/lib64;/cvmfs/sft.cern.ch/lcg/releases/gcc/10.3.0-f5826/x86_64-centos7/lib;/cvmfs/sft.cern.ch/lcg/releases/clang/12.0.0-8916b/x86_64-centos7/lib;/lib;/usr/lib]
  implicit fwks: []


Detecting CXX compiler ABI info compiled with the following output:
Change Dir: /user/stu572/Downloads/sim_cosmic_shower/build/CMakeFiles/CMakeTmp

Run Build Command(s):/bin/gmake -f Makefile cmTC_407da/fast && /bin/gmake  -f CMakeFiles/cmTC_407da.dir/build.make CMakeFiles/cmTC_407da.dir/build
gmake[1]: Entering directory `/user/stu572/Downloads/sim_cosmic_shower/build/CMakeFiles/CMakeTmp'
Building CXX object CMakeFiles/cmTC_407da.dir/CMakeCXXCompilerABI.cpp.o
/cvmfs/sft.cern.ch/lcg/releases/clang/12.0.0-8916b/x86_64-centos7/bin/clang++   -v -MD -MT CMakeFiles/cmTC_407da.dir/CMakeCXXCompilerABI.cpp.o -MF CMakeFiles/cmTC_407da.dir/CMakeCXXCompilerABI.cpp.o.d -o CMakeFiles/cmTC_407da.dir/CMakeCXXCompilerABI.cpp.o -c /cvmfs/sft.cern.ch/lcg/releases/CMake/3.23.2-99161/x86_64-centos7-clang12-opt/share/cmake-3.23/Modules/CMakeCXXCompilerABI.cpp
clang version 12.0.0
Target: x86_64-unknown-linux-gnu
Thread model: posix
InstalledDir: /cvmfs/sft.cern.ch/lcg/releases/clang/12.0.0-8916b/x86_64-centos7/bin
Found candidate GCC installation: /cvmfs/sft.cern.ch/lcg/releases/gcc/10.3.0-f5826/x86_64-centos7/lib/gcc/x86_64-pc-linux-gnu/10.3.0
Selected GCC installation: /cvmfs/sft.cern.ch/lcg/releases/gcc/10.3.0-f5826/x86_64-centos7/lib/gcc/x86_64-pc-linux-gnu/10.3.0
Candidate multilib: .;@m64
Selected multilib: .;@m64
 (in-process)
 "/cvmfs/sft.cern.ch/lcg/releases/clang/12.0.0-8916b/x86_64-centos7/bin/clang-12" -cc1 -triple x86_64-unknown-linux-gnu -emit-obj -mrelax-all --mrelax-relocations -disable-free -main-file-name CMakeCXXCompilerABI.cpp -mrelocation-model static -mframe-pointer=all -fmath-errno -fno-rounding-math -mconstructor-aliases -munwind-tables -target-cpu x86-64 -tune-cpu generic -fno-split-dwarf-inlining -debugger-tuning=gdb -v -resource-dir /cvmfs/sft.cern.ch/lcg/releases/clang/12.0.0-8916b/x86_64-centos7/lib/clang/12.0.0 -dependency-file CMakeFiles/cmTC_407da.dir/CMakeCXXCompilerABI.cpp.o.d -MT CMakeFiles/cmTC_407da.dir/CMakeCXXCompilerABI.cpp.o -sys-header-deps -c-isystem /cvmfs/sft.cern.ch/lcg/views/LCG_103/x86_64-centos7-clang12-opt/include -c-isystem /cvmfs/sft.cern.ch/lcg/views/LCG_103/x86_64-centos7-clang12-opt/include -c-isystem /cvmfs/sft.cern.ch/lcg/views/LCG_103/x86_64-centos7-clang12-opt/include -cxx-isystem /cvmfs/sft.cern.ch/lcg/views/LCG_103/x86_64-centos7-clang12-opt/include -cxx-isystem /cvmfs/sft.cern.ch/lcg/views/LCG_103/x86_64-centos7-clang12-opt/include -cxx-isystem /cvmfs/sft.cern.ch/lcg/views/LCG_103/x86_64-centos7-clang12-opt/include -internal-isystem /cvmfs/sft.cern.ch/lcg/releases/gcc/10.3.0-f5826/x86_64-centos7/lib/gcc/x86_64-pc-linux-gnu/10.3.0/../../../../include/c++/10.3.0 -internal-isystem /cvmfs/sft.cern.ch/lcg/releases/gcc/10.3.0-f5826/x86_64-centos7/lib/gcc/x86_64-pc-linux-gnu/10.3.0/../../../../include/c++/10.3.0/x86_64-pc-linux-gnu -internal-isystem /cvmfs/sft.cern.ch/lcg/releases/gcc/10.3.0-f5826/x86_64-centos7/lib/gcc/x86_64-pc-linux-gnu/10.3.0/../../../../include/c++/10.3.0/backward -internal-isystem /usr/local/include -internal-isystem /cvmfs/sft.cern.ch/lcg/releases/clang/12.0.0-8916b/x86_64-centos7/lib/clang/12.0.0/include -internal-externc-isystem /include -internal-externc-isystem /usr/include -fdeprecated-macro -fdebug-compilation-dir /user/stu572/Downloads/sim_cosmic_shower/build/CMakeFiles/CMakeTmp -ferror-limit 19 -fgnuc-version=4.2.1 -fcxx-exceptions -fexceptions -faddrsig -o CMakeFiles/cmTC_407da.dir/CMakeCXXCompilerABI.cpp.o -x c++ /cvmfs/sft.cern.ch/lcg/releases/CMake/3.23.2-99161/x86_64-centos7-clang12-opt/share/cmake-3.23/Modules/CMakeCXXCompilerABI.cpp
clang -cc1 version 12.0.0 based upon LLVM 12.0.0 default target x86_64-unknown-linux-gnu
ignoring nonexistent directory "/include"
ignoring duplicate directory "/cvmfs/sft.cern.ch/lcg/views/LCG_103/x86_64-centos7-clang12-opt/include"
ignoring duplicate directory "/cvmfs/sft.cern.ch/lcg/views/LCG_103/x86_64-centos7-clang12-opt/include"
#include "..." search starts here:
#include <...> search starts here:
 /cvmfs/sft.cern.ch/lcg/views/LCG_103/x86_64-centos7-clang12-opt/include
 /cvmfs/sft.cern.ch/lcg/releases/gcc/10.3.0-f5826/x86_64-centos7/lib/gcc/x86_64-pc-linux-gnu/10.3.0/../../../../include/c++/10.3.0
 /cvmfs/sft.cern.ch/lcg/releases/gcc/10.3.0-f5826/x86_64-centos7/lib/gcc/x86_64-pc-linux-gnu/10.3.0/../../../../include/c++/10.3.0/x86_64-pc-linux-gnu
 /cvmfs/sft.cern.ch/lcg/releases/gcc/10.3.0-f5826/x86_64-centos7/lib/gcc/x86_64-pc-linux-gnu/10.3.0/../../../../include/c++/10.3.0/backward
 /usr/local/include
 /cvmfs/sft.cern.ch/lcg/releases/clang/12.0.0-8916b/x86_64-centos7/lib/clang/12.0.0/include
 /usr/include
End of search list.
Linking CXX executable cmTC_407da
/cvmfs/sft.cern.ch/lcg/releases/CMake/3.23.2-99161/x86_64-centos7-clang12-opt/bin/cmake -E cmake_link_script CMakeFiles/cmTC_407da.dir/link.txt --verbose=1
/cvmfs/sft.cern.ch/lcg/releases/clang/12.0.0-8916b/x86_64-centos7/bin/clang++  -v -rdynamic CMakeFiles/cmTC_407da.dir/CMakeCXXCompilerABI.cpp.o -o cmTC_407da 
clang version 12.0.0
Target: x86_64-unknown-linux-gnu
Thread model: posix
InstalledDir: /cvmfs/sft.cern.ch/lcg/releases/clang/12.0.0-8916b/x86_64-centos7/bin
Found candidate GCC installation: /cvmfs/sft.cern.ch/lcg/releases/gcc/10.3.0-f5826/x86_64-centos7/lib/gcc/x86_64-pc-linux-gnu/10.3.0
Selected GCC installation: /cvmfs/sft.cern.ch/lcg/releases/gcc/10.3.0-f5826/x86_64-centos7/lib/gcc/x86_64-pc-linux-gnu/10.3.0
Candidate multilib: .;@m64
Selected multilib: .;@m64
 "/cvmfs/sft.cern.ch/lcg/releases/binutils/2.36.1-a9696/x86_64-centos7/bin/ld" -export-dynamic --hash-style=gnu --eh-frame-hdr -m elf_x86_64 -export-dynamic -dynamic-linker /lib64/ld-linux-x86-64.so.2 -o cmTC_407da /lib/../lib64/crt1.o /lib/../lib64/crti.o /cvmfs/sft.cern.ch/lcg/releases/gcc/10.3.0-f5826/x86_64-centos7/lib/gcc/x86_64-pc-linux-gnu/10.3.0/crtbegin.o -L/cvmfs/sft.cern.ch/lcg/releases/gcc/10.3.0-f5826/x86_64-centos7/lib/gcc/x86_64-pc-linux-gnu/10.3.0 -L/cvmfs/sft.cern.ch/lcg/releases/gcc/10.3.0-f5826/x86_64-centos7/lib/gcc/x86_64-pc-linux-gnu/10.3.0/../../../../lib64 -L/lib/../lib64 -L/usr/lib/../lib64 -L/cvmfs/sft.cern.ch/lcg/releases/gcc/10.3.0-f5826/x86_64-centos7/lib/gcc/x86_64-pc-linux-gnu/10.3.0/../../.. -L/cvmfs/sft.cern.ch/lcg/releases/clang/12.0.0-8916b/x86_64-centos7/bin/../lib -L/lib -L/usr/lib CMakeFiles/cmTC_407da.dir/CMakeCXXCompilerABI.cpp.o -lstdc++ -lm -lgcc_s -lgcc -lc -lgcc_s -lgcc /cvmfs/sft.cern.ch/lcg/releases/gcc/10.3.0-f5826/x86_64-centos7/lib/gcc/x86_64-pc-linux-gnu/10.3.0/crtend.o /lib/../lib64/crtn.o
gmake[1]: Leaving directory `/user/stu572/Downloads/sim_cosmic_shower/build/CMakeFiles/CMakeTmp'



Parsed CXX implicit include dir info from above output: rv=done
  found start of include info
  found start of implicit include info
    add: [/cvmfs/sft.cern.ch/lcg/views/LCG_103/x86_64-centos7-clang12-opt/include]
    add: [/cvmfs/sft.cern.ch/lcg/releases/gcc/10.3.0-f5826/x86_64-centos7/lib/gcc/x86_64-pc-linux-gnu/10.3.0/../../../../include/c++/10.3.0]
    add: [/cvmfs/sft.cern.ch/lcg/releases/gcc/10.3.0-f5826/x86_64-centos7/lib/gcc/x86_64-pc-linux-gnu/10.3.0/../../../../include/c++/10.3.0/x86_64-pc-linux-gnu]
    add: [/cvmfs/sft.cern.ch/lcg/releases/gcc/10.3.0-f5826/x86_64-centos7/lib/gcc/x86_64-pc-linux-gnu/10.3.0/../../../../include/c++/10.3.0/backward]
    add: [/usr/local/include]
    add: [/cvmfs/sft.cern.ch/lcg/releases/clang/12.0.0-8916b/x86_64-centos7/lib/clang/12.0.0/include]
    add: [/usr/include]
  end of search list found
  collapse include dir [/cvmfs/sft.cern.ch/lcg/views/LCG_103/x86_64-centos7-clang12-opt/include] ==> [/cvmfs/sft.cern.ch/lcg/views/LCG_103/x86_64-centos7-clang12-opt/include]
  collapse include dir [/cvmfs/sft.cern.ch/lcg/releases/gcc/10.3.0-f5826/x86_64-centos7/lib/gcc/x86_64-pc-linux-gnu/10.3.0/../../../../include/c++/10.3.0] ==> [/cvmfs/sft.cern.ch/lcg/releases/gcc/10.3.0-f5826/x86_64-centos7/include/c++/10.3.0]
  collapse include dir [/cvmfs/sft.cern.ch/lcg/releases/gcc/10.3.0-f5826/x86_64-centos7/lib/gcc/x86_64-pc-linux-gnu/10.3.0/../../../../include/c++/10.3.0/x86_64-pc-linux-gnu] ==> [/cvmfs/sft.cern.ch/lcg/releases/gcc/10.3.0-f5826/x86_64-centos7/include/c++/10.3.0/x86_64-pc-linux-gnu]
  collapse include dir [/cvmfs/sft.cern.ch/lcg/releases/gcc/10.3.0-f5826/x86_64-centos7/lib/gcc/x86_64-pc-linux-gnu/10.3.0/../../../../include/c++/10.3.0/backward] ==> [/cvmfs/sft.cern.ch/lcg/releases/gcc/10.3.0-f5826/x86_64-centos7/include/c++/10.3.0/backward]
  collapse include dir [/usr/local/include] ==> [/usr/local/include]
  collapse include dir [/cvmfs/sft.cern.ch/lcg/releases/clang/12.0.0-8916b/x86_64-centos7/lib/clang/12.0.0/include] ==> [/cvmfs/sft.cern.ch/lcg/releases/clang/12.0.0-8916b/x86_64-centos7/lib/clang/12.0.0/include]
  collapse include dir [/usr/include] ==> [/usr/include]
  implicit include dirs: [/cvmfs/sft.cern.ch/lcg/views/LCG_103/x86_64-centos7-clang12-opt/include;/cvmfs/sft.cern.ch/lcg/releases/gcc/10.3.0-f5826/x86_64-centos7/include/c++/10.3.0;/cvmfs/sft.cern.ch/lcg/releases/gcc/10.3.0-f5826/x86_64-centos7/include/c++/10.3.0/x86_64-pc-linux-gnu;/cvmfs/sft.cern.ch/lcg/releases/gcc/10.3.0-f5826/x86_64-centos7/include/c++/10.3.0/backward;/usr/local/include;/cvmfs/sft.cern.ch/lcg/releases/clang/12.0.0-8916b/x86_64-centos7/lib/clang/12.0.0/include;/usr/include]


Parsed CXX implicit link information from above output:
  link line regex: [^( *|.*[/\])(ld\.lld|CMAKE_LINK_STARTFILE-NOTFOUND|([^/\]+-)?ld|collect2)[^/\]*( |$)]
  ignore line: [Change Dir: /user/stu572/Downloads/sim_cosmic_shower/build/CMakeFiles/CMakeTmp]
  ignore line: []
  ignore line: [Run Build Command(s):/bin/gmake -f Makefile cmTC_407da/fast && /bin/gmake  -f CMakeFiles/cmTC_407da.dir/build.make CMakeFiles/cmTC_407da.dir/build]
  ignore line: [gmake[1]: Entering directory `/user/stu572/Downloads/sim_cosmic_shower/build/CMakeFiles/CMakeTmp']
  ignore line: [Building CXX object CMakeFiles/cmTC_407da.dir/CMakeCXXCompilerABI.cpp.o]
  ignore line: [/cvmfs/sft.cern.ch/lcg/releases/clang/12.0.0-8916b/x86_64-centos7/bin/clang++   -v -MD -MT CMakeFiles/cmTC_407da.dir/CMakeCXXCompilerABI.cpp.o -MF CMakeFiles/cmTC_407da.dir/CMakeCXXCompilerABI.cpp.o.d -o CMakeFiles/cmTC_407da.dir/CMakeCXXCompilerABI.cpp.o -c /cvmfs/sft.cern.ch/lcg/releases/CMake/3.23.2-99161/x86_64-centos7-clang12-opt/share/cmake-3.23/Modules/CMakeCXXCompilerABI.cpp]
  ignore line: [clang version 12.0.0]
  ignore line: [Target: x86_64-unknown-linux-gnu]
  ignore line: [Thread model: posix]
  ignore line: [InstalledDir: /cvmfs/sft.cern.ch/lcg/releases/clang/12.0.0-8916b/x86_64-centos7/bin]
  ignore line: [Found candidate GCC installation: /cvmfs/sft.cern.ch/lcg/releases/gcc/10.3.0-f5826/x86_64-centos7/lib/gcc/x86_64-pc-linux-gnu/10.3.0]
  ignore line: [Selected GCC installation: /cvmfs/sft.cern.ch/lcg/releases/gcc/10.3.0-f5826/x86_64-centos7/lib/gcc/x86_64-pc-linux-gnu/10.3.0]
  ignore line: [Candidate multilib: .]
  ignore line: [@m64]
  ignore line: [Selected multilib: .]
  ignore line: [@m64]
  ignore line: [ (in-process)]
  ignore line: [ "/cvmfs/sft.cern.ch/lcg/releases/clang/12.0.0-8916b/x86_64-centos7/bin/clang-12" -cc1 -triple x86_64-unknown-linux-gnu -emit-obj -mrelax-all --mrelax-relocations -disable-free -main-file-name CMakeCXXCompilerABI.cpp -mrelocation-model static -mframe-pointer=all -fmath-errno -fno-rounding-math -mconstructor-aliases -munwind-tables -target-cpu x86-64 -tune-cpu generic -fno-split-dwarf-inlining -debugger-tuning=gdb -v -resource-dir /cvmfs/sft.cern.ch/lcg/releases/clang/12.0.0-8916b/x86_64-centos7/lib/clang/12.0.0 -dependency-file CMakeFiles/cmTC_407da.dir/CMakeCXXCompilerABI.cpp.o.d -MT CMakeFiles/cmTC_407da.dir/CMakeCXXCompilerABI.cpp.o -sys-header-deps -c-isystem /cvmfs/sft.cern.ch/lcg/views/LCG_103/x86_64-centos7-clang12-opt/include -c-isystem /cvmfs/sft.cern.ch/lcg/views/LCG_103/x86_64-centos7-clang12-opt/include -c-isystem /cvmfs/sft.cern.ch/lcg/views/LCG_103/x86_64-centos7-clang12-opt/include -cxx-isystem /cvmfs/sft.cern.ch/lcg/views/LCG_103/x86_64-centos7-clang12-opt/include -cxx-isystem /cvmfs/sft.cern.ch/lcg/views/LCG_103/x86_64-centos7-clang12-opt/include -cxx-isystem /cvmfs/sft.cern.ch/lcg/views/LCG_103/x86_64-centos7-clang12-opt/include -internal-isystem /cvmfs/sft.cern.ch/lcg/releases/gcc/10.3.0-f5826/x86_64-centos7/lib/gcc/x86_64-pc-linux-gnu/10.3.0/../../../../include/c++/10.3.0 -internal-isystem /cvmfs/sft.cern.ch/lcg/releases/gcc/10.3.0-f5826/x86_64-centos7/lib/gcc/x86_64-pc-linux-gnu/10.3.0/../../../../include/c++/10.3.0/x86_64-pc-linux-gnu -internal-isystem /cvmfs/sft.cern.ch/lcg/releases/gcc/10.3.0-f5826/x86_64-centos7/lib/gcc/x86_64-pc-linux-gnu/10.3.0/../../../../include/c++/10.3.0/backward -internal-isystem /usr/local/include -internal-isystem /cvmfs/sft.cern.ch/lcg/releases/clang/12.0.0-8916b/x86_64-centos7/lib/clang/12.0.0/include -internal-externc-isystem /include -internal-externc-isystem /usr/include -fdeprecated-macro -fdebug-compilation-dir /user/stu572/Downloads/sim_cosmic_shower/build/CMakeFiles/CMakeTmp -ferror-limit 19 -fgnuc-version=4.2.1 -fcxx-exceptions -fexceptions -faddrsig -o CMakeFiles/cmTC_407da.dir/CMakeCXXCompilerABI.cpp.o -x c++ /cvmfs/sft.cern.ch/lcg/releases/CMake/3.23.2-99161/x86_64-centos7-clang12-opt/share/cmake-3.23/Modules/CMakeCXXCompilerABI.cpp]
  ignore line: [clang -cc1 version 12.0.0 based upon LLVM 12.0.0 default target x86_64-unknown-linux-gnu]
  ignore line: [ignoring nonexistent directory "/include"]
  ignore line: [ignoring duplicate directory "/cvmfs/sft.cern.ch/lcg/views/LCG_103/x86_64-centos7-clang12-opt/include"]
  ignore line: [ignoring duplicate directory "/cvmfs/sft.cern.ch/lcg/views/LCG_103/x86_64-centos7-clang12-opt/include"]
  ignore line: [#include "..." search starts here:]
  ignore line: [#include <...> search starts here:]
  ignore line: [ /cvmfs/sft.cern.ch/lcg/views/LCG_103/x86_64-centos7-clang12-opt/include]
  ignore line: [ /cvmfs/sft.cern.ch/lcg/releases/gcc/10.3.0-f5826/x86_64-centos7/lib/gcc/x86_64-pc-linux-gnu/10.3.0/../../../../include/c++/10.3.0]
  ignore line: [ /cvmfs/sft.cern.ch/lcg/releases/gcc/10.3.0-f5826/x86_64-centos7/lib/gcc/x86_64-pc-linux-gnu/10.3.0/../../../../include/c++/10.3.0/x86_64-pc-linux-gnu]
  ignore line: [ /cvmfs/sft.cern.ch/lcg/releases/gcc/10.3.0-f5826/x86_64-centos7/lib/gcc/x86_64-pc-linux-gnu/10.3.0/../../../../include/c++/10.3.0/backward]
  ignore line: [ /usr/local/include]
  ignore line: [ /cvmfs/sft.cern.ch/lcg/releases/clang/12.0.0-8916b/x86_64-centos7/lib/clang/12.0.0/include]
  ignore line: [ /usr/include]
  ignore line: [End of search list.]
  ignore line: [Linking CXX executable cmTC_407da]
  ignore line: [/cvmfs/sft.cern.ch/lcg/releases/CMake/3.23.2-99161/x86_64-centos7-clang12-opt/bin/cmake -E cmake_link_script CMakeFiles/cmTC_407da.dir/link.txt --verbose=1]
  ignore line: [/cvmfs/sft.cern.ch/lcg/releases/clang/12.0.0-8916b/x86_64-centos7/bin/clang++  -v -rdynamic CMakeFiles/cmTC_407da.dir/CMakeCXXCompilerABI.cpp.o -o cmTC_407da ]
  ignore line: [clang version 12.0.0]
  ignore line: [Target: x86_64-unknown-linux-gnu]
  ignore line: [Thread model: posix]
  ignore line: [InstalledDir: /cvmfs/sft.cern.ch/lcg/releases/clang/12.0.0-8916b/x86_64-centos7/bin]
  ignore line: [Found candidate GCC installation: /cvmfs/sft.cern.ch/lcg/releases/gcc/10.3.0-f5826/x86_64-centos7/lib/gcc/x86_64-pc-linux-gnu/10.3.0]
  ignore line: [Selected GCC installation: /cvmfs/sft.cern.ch/lcg/releases/gcc/10.3.0-f5826/x86_64-centos7/lib/gcc/x86_64-pc-linux-gnu/10.3.0]
  ignore line: [Candidate multilib: .]
  ignore line: [@m64]
  ignore line: [Selected multilib: .]
  ignore line: [@m64]
  link line: [ "/cvmfs/sft.cern.ch/lcg/releases/binutils/2.36.1-a9696/x86_64-centos7/bin/ld" -export-dynamic --hash-style=gnu --eh-frame-hdr -m elf_x86_64 -export-dynamic -dynamic-linker /lib64/ld-linux-x86-64.so.2 -o cmTC_407da /lib/../lib64/crt1.o /lib/../lib64/crti.o /cvmfs/sft.cern.ch/lcg/releases/gcc/10.3.0-f5826/x86_64-centos7/lib/gcc/x86_64-pc-linux-gnu/10.3.0/crtbegin.o -L/cvmfs/sft.cern.ch/lcg/releases/gcc/10.3.0-f5826/x86_64-centos7/lib/gcc/x86_64-pc-linux-gnu/10.3.0 -L/cvmfs/sft.cern.ch/lcg/releases/gcc/10.3.0-f5826/x86_64-centos7/lib/gcc/x86_64-pc-linux-gnu/10.3.0/../../../../lib64 -L/lib/../lib64 -L/usr/lib/../lib64 -L/cvmfs/sft.cern.ch/lcg/releases/gcc/10.3.0-f5826/x86_64-centos7/lib/gcc/x86_64-pc-linux-gnu/10.3.0/../../.. -L/cvmfs/sft.cern.ch/lcg/releases/clang/12.0.0-8916b/x86_64-centos7/bin/../lib -L/lib -L/usr/lib CMakeFiles/cmTC_407da.dir/CMakeCXXCompilerABI.cpp.o -lstdc++ -lm -lgcc_s -lgcc -lc -lgcc_s -lgcc /cvmfs/sft.cern.ch/lcg/releases/gcc/10.3.0-f5826/x86_64-centos7/lib/gcc/x86_64-pc-linux-gnu/10.3.0/crtend.o /lib/../lib64/crtn.o]
    arg [/cvmfs/sft.cern.ch/lcg/releases/binutils/2.36.1-a9696/x86_64-centos7/bin/ld] ==> ignore
    arg [-export-dynamic] ==> ignore
    arg [--hash-style=gnu] ==> ignore
    arg [--eh-frame-hdr] ==> ignore
    arg [-m] ==> ignore
    arg [elf_x86_64] ==> ignore
    arg [-export-dynamic] ==> ignore
    arg [-dynamic-linker] ==> ignore
    arg [/lib64/ld-linux-x86-64.so.2] ==> ignore
    arg [-o] ==> ignore
    arg [cmTC_407da] ==> ignore
    arg [/lib/../lib64/crt1.o] ==> obj [/lib/../lib64/crt1.o]
    arg [/lib/../lib64/crti.o] ==> obj [/lib/../lib64/crti.o]
    arg [/cvmfs/sft.cern.ch/lcg/releases/gcc/10.3.0-f5826/x86_64-centos7/lib/gcc/x86_64-pc-linux-gnu/10.3.0/crtbegin.o] ==> obj [/cvmfs/sft.cern.ch/lcg/releases/gcc/10.3.0-f5826/x86_64-centos7/lib/gcc/x86_64-pc-linux-gnu/10.3.0/crtbegin.o]
    arg [-L/cvmfs/sft.cern.ch/lcg/releases/gcc/10.3.0-f5826/x86_64-centos7/lib/gcc/x86_64-pc-linux-gnu/10.3.0] ==> dir [/cvmfs/sft.cern.ch/lcg/releases/gcc/10.3.0-f5826/x86_64-centos7/lib/gcc/x86_64-pc-linux-gnu/10.3.0]
    arg [-L/cvmfs/sft.cern.ch/lcg/releases/gcc/10.3.0-f5826/x86_64-centos7/lib/gcc/x86_64-pc-linux-gnu/10.3.0/../../../../lib64] ==> dir [/cvmfs/sft.cern.ch/lcg/releases/gcc/10.3.0-f5826/x86_64-centos7/lib/gcc/x86_64-pc-linux-gnu/10.3.0/../../../../lib64]
    arg [-L/lib/../lib64] ==> dir [/lib/../lib64]
    arg [-L/usr/lib/../lib64] ==> dir [/usr/lib/../lib64]
    arg [-L/cvmfs/sft.cern.ch/lcg/releases/gcc/10.3.0-f5826/x86_64-centos7/lib/gcc/x86_64-pc-linux-gnu/10.3.0/../../..] ==> dir [/cvmfs/sft.cern.ch/lcg/releases/gcc/10.3.0-f5826/x86_64-centos7/lib/gcc/x86_64-pc-linux-gnu/10.3.0/../../..]
    arg [-L/cvmfs/sft.cern.ch/lcg/releases/clang/12.0.0-8916b/x86_64-centos7/bin/../lib] ==> dir [/cvmfs/sft.cern.ch/lcg/releases/clang/12.0.0-8916b/x86_64-centos7/bin/../lib]
    arg [-L/lib] ==> dir [/lib]
    arg [-L/usr/lib] ==> dir [/usr/lib]
    arg [CMakeFiles/cmTC_407da.dir/CMakeCXXCompilerABI.cpp.o] ==> ignore
    arg [-lstdc++] ==> lib [stdc++]
    arg [-lm] ==> lib [m]
    arg [-lgcc_s] ==> lib [gcc_s]
    arg [-lgcc] ==> lib [gcc]
    arg [-lc] ==> lib [c]
    arg [-lgcc_s] ==> lib [gcc_s]
    arg [-lgcc] ==> lib [gcc]
    arg [/cvmfs/sft.cern.ch/lcg/releases/gcc/10.3.0-f5826/x86_64-centos7/lib/gcc/x86_64-pc-linux-gnu/10.3.0/crtend.o] ==> obj [/cvmfs/sft.cern.ch/lcg/releases/gcc/10.3.0-f5826/x86_64-centos7/lib/gcc/x86_64-pc-linux-gnu/10.3.0/crtend.o]
    arg [/lib/../lib64/crtn.o] ==> obj [/lib/../lib64/crtn.o]
  collapse obj [/lib/../lib64/crt1.o] ==> [/lib64/crt1.o]
  collapse obj [/lib/../lib64/crti.o] ==> [/lib64/crti.o]
  collapse obj [/lib/../lib64/crtn.o] ==> [/lib64/crtn.o]
  collapse library dir [/cvmfs/sft.cern.ch/lcg/releases/gcc/10.3.0-f5826/x86_64-centos7/lib/gcc/x86_64-pc-linux-gnu/10.3.0] ==> [/cvmfs/sft.cern.ch/lcg/releases/gcc/10.3.0-f5826/x86_64-centos7/lib/gcc/x86_64-pc-linux-gnu/10.3.0]
  collapse library dir [/cvmfs/sft.cern.ch/lcg/releases/gcc/10.3.0-f5826/x86_64-centos7/lib/gcc/x86_64-pc-linux-gnu/10.3.0/../../../../lib64] ==> [/cvmfs/sft.cern.ch/lcg/releases/gcc/10.3.0-f5826/x86_64-centos7/lib64]
  collapse library dir [/lib/../lib64] ==> [/lib64]
  collapse library dir [/usr/lib/../lib64] ==> [/usr/lib64]
  collapse library dir [/cvmfs/sft.cern.ch/lcg/releases/gcc/10.3.0-f5826/x86_64-centos7/lib/gcc/x86_64-pc-linux-gnu/10.3.0/../../..] ==> [/cvmfs/sft.cern.ch/lcg/releases/gcc/10.3.0-f5826/x86_64-centos7/lib]
  collapse library dir [/cvmfs/sft.cern.ch/lcg/releases/clang/12.0.0-8916b/x86_64-centos7/bin/../lib] ==> [/cvmfs/sft.cern.ch/lcg/releases/clang/12.0.0-8916b/x86_64-centos7/lib]
  collapse library dir [/lib] ==> [/lib]
  collapse library dir [/usr/lib] ==> [/usr/lib]
  implicit libs: [stdc++;m;gcc_s;gcc;c;gcc_s;gcc]
  implicit objs: [/lib64/crt1.o;/lib64/crti.o;/cvmfs/sft.cern.ch/lcg/releases/gcc/10.3.0-f5826/x86_64-centos7/lib/gcc/x86_64-pc-linux-gnu/10.3.0/crtbegin.o;/cvmfs/sft.cern.ch/lcg/releases/gcc/10.3.0-f5826/x86_64-centos7/lib/gcc/x86_64-pc-linux-gnu/10.3.0/crtend.o;/lib64/crtn.o]
  implicit dirs: [/cvmfs/sft.cern.ch/lcg/releases/gcc/10.3.0-f5826/x86_64-centos7/lib/gcc/x86_64-pc-linux-gnu/10.3.0;/cvmfs/sft.cern.ch/lcg/releases/gcc/10.3.0-f5826/x86_64-centos7/lib64;/lib64;/usr/lib64;/cvmfs/sft.cern.ch/lcg/releases/gcc/10.3.0-f5826/x86_64-centos7/lib;/cvmfs/sft.cern.ch/lcg/releases/clang/12.0.0-8916b/x86_64-centos7/lib;/lib;/usr/lib]
  implicit fwks: []


Determining if the include file pthread.h exists passed with the following output:
Change Dir: /user/stu572/Downloads/sim_cosmic_shower/build/CMakeFiles/CMakeTmp

Run Build Command(s):/bin/gmake -f Makefile cmTC_62df3/fast && /bin/gmake  -f CMakeFiles/cmTC_62df3.dir/build.make CMakeFiles/cmTC_62df3.dir/build
gmake[1]: Entering directory `/user/stu572/Downloads/sim_cosmic_shower/build/CMakeFiles/CMakeTmp'
Building C object CMakeFiles/cmTC_62df3.dir/CheckIncludeFile.c.o
/cvmfs/sft.cern.ch/lcg/releases/clang/12.0.0-8916b/x86_64-centos7/bin/clang    -MD -MT CMakeFiles/cmTC_62df3.dir/CheckIncludeFile.c.o -MF CMakeFiles/cmTC_62df3.dir/CheckIncludeFile.c.o.d -o CMakeFiles/cmTC_62df3.dir/CheckIncludeFile.c.o -c /user/stu572/Downloads/sim_cosmic_shower/build/CMakeFiles/CMakeTmp/CheckIncludeFile.c
Linking C executable cmTC_62df3
/cvmfs/sft.cern.ch/lcg/releases/CMake/3.23.2-99161/x86_64-centos7-clang12-opt/bin/cmake -E cmake_link_script CMakeFiles/cmTC_62df3.dir/link.txt --verbose=1
/cvmfs/sft.cern.ch/lcg/releases/clang/12.0.0-8916b/x86_64-centos7/bin/clang CMakeFiles/cmTC_62df3.dir/CheckIncludeFile.c.o -o cmTC_62df3 
gmake[1]: Leaving directory `/user/stu572/Downloads/sim_cosmic_shower/build/CMakeFiles/CMakeTmp'



Determining if the function XOpenDisplay exists in the /usr/lib64/libX11.so;/usr/lib64/libXext.so passed with the following output:
Change Dir: /user/stu572/Downloads/sim_cosmic_shower/build/CMakeFiles/CMakeTmp

Run Build Command(s):/bin/gmake -f Makefile cmTC_42a52/fast && /bin/gmake  -f CMakeFiles/cmTC_42a52.dir/build.make CMakeFiles/cmTC_42a52.dir/build
gmake[1]: Entering directory `/user/stu572/Downloads/sim_cosmic_shower/build/CMakeFiles/CMakeTmp'
Building C object CMakeFiles/cmTC_42a52.dir/CheckFunctionExists.c.o
/cvmfs/sft.cern.ch/lcg/releases/clang/12.0.0-8916b/x86_64-centos7/bin/clang   -DCHECK_FUNCTION_EXISTS=XOpenDisplay -MD -MT CMakeFiles/cmTC_42a52.dir/CheckFunctionExists.c.o -MF CMakeFiles/cmTC_42a52.dir/CheckFunctionExists.c.o.d -o CMakeFiles/cmTC_42a52.dir/CheckFunctionExists.c.o -c /cvmfs/sft.cern.ch/lcg/releases/CMake/3.23.2-99161/x86_64-centos7-clang12-opt/share/cmake-3.23/Modules/CheckFunctionExists.c
Linking C executable cmTC_42a52
/cvmfs/sft.cern.ch/lcg/releases/CMake/3.23.2-99161/x86_64-centos7-clang12-opt/bin/cmake -E cmake_link_script CMakeFiles/cmTC_42a52.dir/link.txt --verbose=1
/cvmfs/sft.cern.ch/lcg/releases/clang/12.0.0-8916b/x86_64-centos7/bin/clang  -DCHECK_FUNCTION_EXISTS=XOpenDisplay CMakeFiles/cmTC_42a52.dir/CheckFunctionExists.c.o -o cmTC_42a52  /usr/lib64/libX11.so /usr/lib64/libXext.so 
gmake[1]: Leaving directory `/user/stu572/Downloads/sim_cosmic_shower/build/CMakeFiles/CMakeTmp'



Determining if the function gethostbyname exists passed with the following output:
Change Dir: /user/stu572/Downloads/sim_cosmic_shower/build/CMakeFiles/CMakeTmp

Run Build Command(s):/bin/gmake -f Makefile cmTC_be287/fast && /bin/gmake  -f CMakeFiles/cmTC_be287.dir/build.make CMakeFiles/cmTC_be287.dir/build
gmake[1]: Entering directory `/user/stu572/Downloads/sim_cosmic_shower/build/CMakeFiles/CMakeTmp'
Building C object CMakeFiles/cmTC_be287.dir/CheckFunctionExists.c.o
/cvmfs/sft.cern.ch/lcg/releases/clang/12.0.0-8916b/x86_64-centos7/bin/clang   -DCHECK_FUNCTION_EXISTS=gethostbyname -MD -MT CMakeFiles/cmTC_be287.dir/CheckFunctionExists.c.o -MF CMakeFiles/cmTC_be287.dir/CheckFunctionExists.c.o.d -o CMakeFiles/cmTC_be287.dir/CheckFunctionExists.c.o -c /cvmfs/sft.cern.ch/lcg/releases/CMake/3.23.2-99161/x86_64-centos7-clang12-opt/share/cmake-3.23/Modules/CheckFunctionExists.c
Linking C executable cmTC_be287
/cvmfs/sft.cern.ch/lcg/releases/CMake/3.23.2-99161/x86_64-centos7-clang12-opt/bin/cmake -E cmake_link_script CMakeFiles/cmTC_be287.dir/link.txt --verbose=1
/cvmfs/sft.cern.ch/lcg/releases/clang/12.0.0-8916b/x86_64-centos7/bin/clang  -DCHECK_FUNCTION_EXISTS=gethostbyname CMakeFiles/cmTC_be287.dir/CheckFunctionExists.c.o -o cmTC_be287 
gmake[1]: Leaving directory `/user/stu572/Downloads/sim_cosmic_shower/build/CMakeFiles/CMakeTmp'



Determining if the function connect exists passed with the following output:
Change Dir: /user/stu572/Downloads/sim_cosmic_shower/build/CMakeFiles/CMakeTmp

Run Build Command(s):/bin/gmake -f Makefile cmTC_5f4d0/fast && /bin/gmake  -f CMakeFiles/cmTC_5f4d0.dir/build.make CMakeFiles/cmTC_5f4d0.dir/build
gmake[1]: Entering directory `/user/stu572/Downloads/sim_cosmic_shower/build/CMakeFiles/CMakeTmp'
Building C object CMakeFiles/cmTC_5f4d0.dir/CheckFunctionExists.c.o
/cvmfs/sft.cern.ch/lcg/releases/clang/12.0.0-8916b/x86_64-centos7/bin/clang   -DCHECK_FUNCTION_EXISTS=connect -MD -MT CMakeFiles/cmTC_5f4d0.dir/CheckFunctionExists.c.o -MF CMakeFiles/cmTC_5f4d0.dir/CheckFunctionExists.c.o.d -o CMakeFiles/cmTC_5f4d0.dir/CheckFunctionExists.c.o -c /cvmfs/sft.cern.ch/lcg/releases/CMake/3.23.2-99161/x86_64-centos7-clang12-opt/share/cmake-3.23/Modules/CheckFunctionExists.c
Linking C executable cmTC_5f4d0
/cvmfs/sft.cern.ch/lcg/releases/CMake/3.23.2-99161/x86_64-centos7-clang12-opt/bin/cmake -E cmake_link_script CMakeFiles/cmTC_5f4d0.dir/link.txt --verbose=1
/cvmfs/sft.cern.ch/lcg/releases/clang/12.0.0-8916b/x86_64-centos7/bin/clang  -DCHECK_FUNCTION_EXISTS=connect CMakeFiles/cmTC_5f4d0.dir/CheckFunctionExists.c.o -o cmTC_5f4d0 
gmake[1]: Leaving directory `/user/stu572/Downloads/sim_cosmic_shower/build/CMakeFiles/CMakeTmp'



Determining if the function remove exists passed with the following output:
Change Dir: /user/stu572/Downloads/sim_cosmic_shower/build/CMakeFiles/CMakeTmp

Run Build Command(s):/bin/gmake -f Makefile cmTC_b3f0c/fast && /bin/gmake  -f CMakeFiles/cmTC_b3f0c.dir/build.make CMakeFiles/cmTC_b3f0c.dir/build
gmake[1]: Entering directory `/user/stu572/Downloads/sim_cosmic_shower/build/CMakeFiles/CMakeTmp'
Building C object CMakeFiles/cmTC_b3f0c.dir/CheckFunctionExists.c.o
/cvmfs/sft.cern.ch/lcg/releases/clang/12.0.0-8916b/x86_64-centos7/bin/clang   -DCHECK_FUNCTION_EXISTS=remove -MD -MT CMakeFiles/cmTC_b3f0c.dir/CheckFunctionExists.c.o -MF CMakeFiles/cmTC_b3f0c.dir/CheckFunctionExists.c.o.d -o CMakeFiles/cmTC_b3f0c.dir/CheckFunctionExists.c.o -c /cvmfs/sft.cern.ch/lcg/releases/CMake/3.23.2-99161/x86_64-centos7-clang12-opt/share/cmake-3.23/Modules/CheckFunctionExists.c
Linking C executable cmTC_b3f0c
/cvmfs/sft.cern.ch/lcg/releases/CMake/3.23.2-99161/x86_64-centos7-clang12-opt/bin/cmake -E cmake_link_script CMakeFiles/cmTC_b3f0c.dir/link.txt --verbose=1
/cvmfs/sft.cern.ch/lcg/releases/clang/12.0.0-8916b/x86_64-centos7/bin/clang  -DCHECK_FUNCTION_EXISTS=remove CMakeFiles/cmTC_b3f0c.dir/CheckFunctionExists.c.o -o cmTC_b3f0c 
gmake[1]: Leaving directory `/user/stu572/Downloads/sim_cosmic_shower/build/CMakeFiles/CMakeTmp'



Determining if the function shmat exists passed with the following output:
Change Dir: /user/stu572/Downloads/sim_cosmic_shower/build/CMakeFiles/CMakeTmp

Run Build Command(s):/bin/gmake -f Makefile cmTC_3ff3b/fast && /bin/gmake  -f CMakeFiles/cmTC_3ff3b.dir/build.make CMakeFiles/cmTC_3ff3b.dir/build
gmake[1]: Entering directory `/user/stu572/Downloads/sim_cosmic_shower/build/CMakeFiles/CMakeTmp'
Building C object CMakeFiles/cmTC_3ff3b.dir/CheckFunctionExists.c.o
/cvmfs/sft.cern.ch/lcg/releases/clang/12.0.0-8916b/x86_64-centos7/bin/clang   -DCHECK_FUNCTION_EXISTS=shmat -MD -MT CMakeFiles/cmTC_3ff3b.dir/CheckFunctionExists.c.o -MF CMakeFiles/cmTC_3ff3b.dir/CheckFunctionExists.c.o.d -o CMakeFiles/cmTC_3ff3b.dir/CheckFunctionExists.c.o -c /cvmfs/sft.cern.ch/lcg/releases/CMake/3.23.2-99161/x86_64-centos7-clang12-opt/share/cmake-3.23/Modules/CheckFunctionExists.c
Linking C executable cmTC_3ff3b
/cvmfs/sft.cern.ch/lcg/releases/CMake/3.23.2-99161/x86_64-centos7-clang12-opt/bin/cmake -E cmake_link_script CMakeFiles/cmTC_3ff3b.dir/link.txt --verbose=1
/cvmfs/sft.cern.ch/lcg/releases/clang/12.0.0-8916b/x86_64-centos7/bin/clang  -DCHECK_FUNCTION_EXISTS=shmat CMakeFiles/cmTC_3ff3b.dir/CheckFunctionExists.c.o -o cmTC_3ff3b 
gmake[1]: Leaving directory `/user/stu572/Downloads/sim_cosmic_shower/build/CMakeFiles/CMakeTmp'



Determining if the function IceConnectionNumber exists in the ICE passed with the following output:
Change Dir: /user/stu572/Downloads/sim_cosmic_shower/build/CMakeFiles/CMakeTmp

Run Build Command(s):/bin/gmake -f Makefile cmTC_5d7d1/fast && /bin/gmake  -f CMakeFiles/cmTC_5d7d1.dir/build.make CMakeFiles/cmTC_5d7d1.dir/build
gmake[1]: Entering directory `/user/stu572/Downloads/sim_cosmic_shower/build/CMakeFiles/CMakeTmp'
Building C object CMakeFiles/cmTC_5d7d1.dir/CheckFunctionExists.c.o
/cvmfs/sft.cern.ch/lcg/releases/clang/12.0.0-8916b/x86_64-centos7/bin/clang   -DCHECK_FUNCTION_EXISTS=IceConnectionNumber -MD -MT CMakeFiles/cmTC_5d7d1.dir/CheckFunctionExists.c.o -MF CMakeFiles/cmTC_5d7d1.dir/CheckFunctionExists.c.o.d -o CMakeFiles/cmTC_5d7d1.dir/CheckFunctionExists.c.o -c /cvmfs/sft.cern.ch/lcg/releases/CMake/3.23.2-99161/x86_64-centos7-clang12-opt/share/cmake-3.23/Modules/CheckFunctionExists.c
Linking C executable cmTC_5d7d1
/cvmfs/sft.cern.ch/lcg/releases/CMake/3.23.2-99161/x86_64-centos7-clang12-opt/bin/cmake -E cmake_link_script CMakeFiles/cmTC_5d7d1.dir/link.txt --verbose=1
/cvmfs/sft.cern.ch/lcg/releases/clang/12.0.0-8916b/x86_64-centos7/bin/clang  -DCHECK_FUNCTION_EXISTS=IceConnectionNumber CMakeFiles/cmTC_5d7d1.dir/CheckFunctionExists.c.o -o cmTC_5d7d1  -lICE 
gmake[1]: Leaving directory `/user/stu572/Downloads/sim_cosmic_shower/build/CMakeFiles/CMakeTmp'



