Performing C SOURCE FILE Test CMAKE_HAVE_LIBC_PTHREAD failed with the following output:
Change Dir: /user/stu572/Downloads/sim_cosmic_shower/build/CMakeFiles/CMakeTmp

Run Build Command(s):/bin/gmake -f Makefile cmTC_afe3e/fast && /bin/gmake  -f CMakeFiles/cmTC_afe3e.dir/build.make CMakeFiles/cmTC_afe3e.dir/build
gmake[1]: Entering directory `/user/stu572/Downloads/sim_cosmic_shower/build/CMakeFiles/CMakeTmp'
Building C object CMakeFiles/cmTC_afe3e.dir/src.c.o
/cvmfs/sft.cern.ch/lcg/releases/clang/12.0.0-8916b/x86_64-centos7/bin/clang -DCMAKE_HAVE_LIBC_PTHREAD   -MD -MT CMakeFiles/cmTC_afe3e.dir/src.c.o -MF CMakeFiles/cmTC_afe3e.dir/src.c.o.d -o CMakeFiles/cmTC_afe3e.dir/src.c.o -c /user/stu572/Downloads/sim_cosmic_shower/build/CMakeFiles/CMakeTmp/src.c
Linking C executable cmTC_afe3e
/cvmfs/sft.cern.ch/lcg/releases/CMake/3.23.2-99161/x86_64-centos7-clang12-opt/bin/cmake -E cmake_link_script CMakeFiles/cmTC_afe3e.dir/link.txt --verbose=1
/cvmfs/sft.cern.ch/lcg/releases/clang/12.0.0-8916b/x86_64-centos7/bin/clang CMakeFiles/cmTC_afe3e.dir/src.c.o -o cmTC_afe3e 
/cvmfs/sft.cern.ch/lcg/releases/binutils/2.36.1-a9696/x86_64-centos7/bin/ld: CMakeFiles/cmTC_afe3e.dir/src.c.o: in function `main':
src.c:(.text+0x25): undefined reference to `pthread_create'
/cvmfs/sft.cern.ch/lcg/releases/binutils/2.36.1-a9696/x86_64-centos7/bin/ld: src.c:(.text+0x2e): undefined reference to `pthread_detach'
/cvmfs/sft.cern.ch/lcg/releases/binutils/2.36.1-a9696/x86_64-centos7/bin/ld: src.c:(.text+0x37): undefined reference to `pthread_cancel'
/cvmfs/sft.cern.ch/lcg/releases/binutils/2.36.1-a9696/x86_64-centos7/bin/ld: src.c:(.text+0x44): undefined reference to `pthread_join'
/cvmfs/sft.cern.ch/lcg/releases/binutils/2.36.1-a9696/x86_64-centos7/bin/ld: src.c:(.text+0x53): undefined reference to `pthread_atfork'
clang-12: error: linker command failed with exit code 1 (use -v to see invocation)
gmake[1]: *** [cmTC_afe3e] Error 1
gmake[1]: Leaving directory `/user/stu572/Downloads/sim_cosmic_shower/build/CMakeFiles/CMakeTmp'
gmake: *** [cmTC_afe3e/fast] Error 2


Source file was:
#include <pthread.h>

static void* test_func(void* data)
{
  return data;
}

int main(void)
{
  pthread_t thread;
  pthread_create(&thread, NULL, test_func, NULL);
  pthread_detach(thread);
  pthread_cancel(thread);
  pthread_join(thread, NULL);
  pthread_atfork(NULL, NULL, NULL);
  pthread_exit(NULL);

  return 0;
}

